0 info it worked if it ends with ok
1 verbose cli [ '/usr/local/bin/node',
1 verbose cli   '/usr/local/Cellar/node/6.3.0/libexec/npm/bin/npm',
1 verbose cli   'install',
1 verbose cli   'metrix-js@1.0.1',
1 verbose cli   '--save',
1 verbose cli   '--save-exact' ]
2 info using npm@3.10.3
3 info using node@v5.12.0
4 silly loadCurrentTree Starting
5 silly install loadCurrentTree
6 silly install readLocalPackageData
7 silly rollbackFailedOptional Starting
8 silly rollbackFailedOptional Finishing
9 silly runTopLevelLifecycles Starting
10 silly runTopLevelLifecycles Finishing
11 silly install printInstalled
12 verbose stack Error: Failed to parse json
12 verbose stack Trailing comma in object at 20:1
12 verbose stack }
12 verbose stack ^
12 verbose stack     at parseError (/usr/local/Cellar/node/6.3.0/libexec/npm/lib/node_modules/npm/node_modules/read-package-json/read-json.js:390:11)
12 verbose stack     at parseJson (/usr/local/Cellar/node/6.3.0/libexec/npm/lib/node_modules/npm/node_modules/read-package-json/read-json.js:79:23)
12 verbose stack     at /usr/local/Cellar/node/6.3.0/libexec/npm/lib/node_modules/npm/node_modules/read-package-json/read-json.js:48:5
12 verbose stack     at /usr/local/Cellar/node/6.3.0/libexec/npm/lib/node_modules/npm/node_modules/graceful-fs/graceful-fs.js:78:16
12 verbose stack     at tryToString (fs.js:414:3)
12 verbose stack     at FSReqWrap.readFileAfterClose [as oncomplete] (fs.js:401:12)
13 verbose cwd /explore_ws/LearnTS
14 error Darwin 15.6.0
15 error argv "/usr/local/bin/node" "/usr/local/Cellar/node/6.3.0/libexec/npm/bin/npm" "install" "metrix-js@1.0.1" "--save" "--save-exact"
16 error node v5.12.0
17 error npm  v3.10.3
18 error file /explore_ws/LearnTS/package.json
19 error code EJSONPARSE
20 error Failed to parse json
20 error Trailing comma in object at 20:1
20 error }
20 error ^
21 error File: /explore_ws/LearnTS/package.json
22 error Failed to parse package.json data.
22 error package.json must be actual JSON, not just JavaScript.
22 error
22 error This is not a bug in npm.
22 error Tell the package author to fix their package.json file. JSON.parse
23 verbose exit [ 1, true ]
